<?xml version="1.0" encoding="UTF-8"?>
<!-- Generated by org.testng.reporters.JUnitXMLReporter -->
<testsuite ignored="1" hostname="Aswaniz" failures="0" tests="1" name="Default test" time="9.37" errors="0" timestamp="06 Feb 2023 02:11:53 GMT">
  <testcase classname="com.supermarket.tests.ManageUsersTest" name="verify_ListUsersActivation" time="3.594"/>
  <testcase classname="com.supermarket.tests.ManageUsersTest" name="search_ListUser" time="0.0">
    <ignored/>
  </testcase> <!-- search_ListUser -->
</testsuite> <!-- Default test -->
